<?xml version="1.0" encoding="UTF-8"?>
<!-- Generated by org.testng.reporters.JUnitReportReporter -->
<testsuite hostname="rahul" failures="0" tests="3" name="com.SeleniumProject.tests.StandAlone" time="24.361" errors="0" timestamp="2025-07-16T23:34:16 IST" skipped="0">
  <testcase classname="com.SeleniumProject.tests.StandAlone" name="submitOrder" time="11.684"/>
  <testcase classname="com.SeleniumProject.tests.StandAlone" name="orderHistory" time="2.014"/>
  <testcase classname="com.SeleniumProject.tests.StandAlone" name="submitOrder" time="10.663"/>
</testsuite> <!-- com.SeleniumProject.tests.StandAlone -->
